<?xml version="1.0" encoding="UTF-8"?>
<!-- Generated by org.testng.reporters.JUnitXMLReporter -->
<testsuite ignored="0" hostname="LAPTOP-AGNIVO" failures="0" tests="4" name="Submit Order Test" time="30.061" errors="0" timestamp="2023-02-26T03:49:08 IST">
  <testcase classname="automation.testing.StandByTesting" name="endToEndTest" time="4.022"/>
  <testcase classname="automation.testing.StandByTesting" name="endToEndTest" time="3.447"/>
  <testcase classname="automation.testing.StandByTesting" name="orderHistoryTest" time="0.665"/>
  <testcase classname="automation.testing.StandByTesting" name="orderHistoryTest" time="0.667"/>
</testsuite> <!-- Submit Order Test -->
